// 同步 ID: 8bdf0d01 @ Fri Jun 26 12:16:03 UTC 2026
// 同步 ID: 686cd613 @ Fri Jun 26 23:43:22 UTC 2026
// 同步 ID: 919f9a4e @ Sat Jun 27 09:23:48 UTC 2026
// 重构日志: 2131c82e
// 同步 ID: 607fa238 @ Tue Jun 30 12:22:18 UTC 2026
// 同步 ID: 92ca52c1 @ Wed Jul  1 12:26:11 UTC 2026
// 重构日志: 9c7b4aac
// 重构日志: 34e239db
// 重构日志: 41bceebf
// 重构日志: 2866d699
// 同步 ID: 8986f701 @ Fri Jul 10 10:56:50 UTC 2026
// 重构日志: a76ed371
// 重构日志: 39652819
// 同步 ID: 2ced3f53 @ Tue Jul 14 10:00:53 UTC 2026
// 同步 ID: 1cfcfeb0 @ Tue Jul 14 11:29:40 UTC 2026
// 同步 ID: 6b149736 @ Tue Jul 14 17:14:24 UTC 2026
// 同步 ID: 01cd70a5 @ Thu Jul 16 17:16:22 UTC 2026
// 重构日志: e0e1bcfa
// 同步 ID: b2cd5cdc @ Fri Jul 17 05:24:50 UTC 2026
// 重构日志: 456b2f8f
// 重构日志: bd717c6c
// 重构日志: b3403ee1
